c:\solarsystem\src\librt\release\vc120.pdb
c:\solarsystem\src\librt\release\transformnode.obj
c:\solarsystem\src\librt\release\surface.obj
c:\solarsystem\src\librt\release\sphere.obj
c:\solarsystem\src\librt\release\shader.obj
c:\solarsystem\src\librt\release\scenenode.obj
c:\solarsystem\src\librt\release\rgbr_f.obj
c:\solarsystem\src\librt\release\raytracer.obj
c:\solarsystem\src\librt\release\ray.obj
c:\solarsystem\src\librt\release\linearsolver.obj
c:\solarsystem\src\librt\release\lightnode.obj
c:\solarsystem\src\librt\release\light.obj
c:\solarsystem\src\librt\release\intersection.obj
c:\solarsystem\src\librt\release\geometrynode.obj
c:\solarsystem\src\librt\release\texture.obj
c:\solarsystem\src\librt\release\solarsystem.obj
c:\solarsystem\src\librt\release\planet.obj
c:\solarsystem\src\librt\release\moon.obj
c:\solarsystem\src\librt\release\cameranode.obj
c:\solarsystem\src\librt\release\camera.obj
c:\solarsystem\src\librt\release\utilities.obj
c:\solarsystem\src\librt\release\triangle.obj
c:\solarsystem\src\librt\release\librt.tlog\cl.command.1.tlog
c:\solarsystem\src\librt\release\librt.tlog\cl.read.1.tlog
c:\solarsystem\src\librt\release\librt.tlog\cl.write.1.tlog
