Build started 4/6/2016 5:25:37 PM.
     1>Project "C:\SolarSystem\src\librt\rtlib.vcxproj" on node 2 (Build target(s)).
     1>C:\Program Files (x86)\MSBuild\Microsoft.Cpp\v4.0\V120\Microsoft.CppBuild.targets(364,5): warning MSB8004: Output Directory does not end with a trailing slash.  This build instance will add the slash as it is required to allow proper evaluation of the Output Directory.
     1>ClCompile:
         F:\VS13\VC\bin\CL.exe /c /IC:\SolarSystem\src\librt\/../librt/include /IC:\SolarSystem\src\librt\/../libst/include /Zi /nologo /W3 /WX- /O2 /Oi /Oy- /GL /D WIN32 /D NDEBUG /D _LIB /D _UNICODE /D UNICODE /Gm- /EHsc /MD /GS /Gy /fp:precise /Zc:wchar_t /Zc:forScope /Fo"Release\\" /Fd"Release\vc120.pdb" /Gd /TP /analyze- /errorReport:prompt Camera.cpp CameraNode.cpp Moon.cpp Planet.cpp SolarSystem.cpp Texture.cpp GeometryNode.cpp Intersection.cpp Light.cpp LightNode.cpp LinearSolver.cpp Ray.cpp RayTracer.cpp RGBR_f.cpp Scene.cpp SceneNode.cpp Shader.cpp Sphere.cpp Surface.cpp TransformNode.cpp Triangle.cpp utilities.cpp
         Camera.cpp
     1>C:\SolarSystem\src\librt\include\defs.h(220): warning C4305: 'initializing' : truncation from 'double' to 'float'
     1>Camera.cpp(62): warning C4244: 'argument' : conversion from 'double' to 'float', possible loss of data
     1>Camera.cpp(70): warning C4244: 'argument' : conversion from 'double' to 'float', possible loss of data
     1>Camera.cpp(78): warning C4244: 'argument' : conversion from 'double' to 'float', possible loss of data
         CameraNode.cpp
         Moon.cpp
     1>C:\SolarSystem\src\librt\include\defs.h(220): warning C4305: 'initializing' : truncation from 'double' to 'float'
         Planet.cpp
     1>C:\SolarSystem\src\librt\include\defs.h(220): warning C4305: 'initializing' : truncation from 'double' to 'float'
     1>Planet.cpp(24): warning C4018: '<' : signed/unsigned mismatch
     1>Planet.cpp(32): warning C4018: '<' : signed/unsigned mismatch
     1>Planet.cpp(136): warning C4018: '<' : signed/unsigned mismatch
         SolarSystem.cpp
     1>SolarSystem.cpp(9): warning C4018: '<' : signed/unsigned mismatch
     1>SolarSystem.cpp(24): warning C4018: '<' : signed/unsigned mismatch
     1>SolarSystem.cpp(30): warning C4018: '<' : signed/unsigned mismatch
         Texture.cpp
         GeometryNode.cpp
     1>c:\solarsystem\src\librt\include\defs.h(220): warning C4305: 'initializing' : truncation from 'double' to 'float'
         Intersection.cpp
     1>c:\solarsystem\src\librt\include\defs.h(220): warning C4305: 'initializing' : truncation from 'double' to 'float'
         Light.cpp
         LightNode.cpp
         LinearSolver.cpp
         Ray.cpp
         RayTracer.cpp
     1>c:\solarsystem\src\librt\include\defs.h(220): warning C4305: 'initializing' : truncation from 'double' to 'float'
     1>RayTracer.cpp(21): warning C4305: 'initializing' : truncation from 'double' to 'float'
     1>RayTracer.cpp(54): warning C4244: 'argument' : conversion from 'float' to 'STColor4ub::Component', possible loss of data
         RGBR_f.cpp
         Scene.cpp
     1>c:\solarsystem\src\librt\include\defs.h(220): warning C4305: 'initializing' : truncation from 'double' to 'float'
     1>Scene.cpp(407): warning C4244: 'argument' : conversion from 'GLdouble' to 'float', possible loss of data
     1>Scene.cpp(449): warning C4244: 'argument' : conversion from 'GLdouble' to 'float', possible loss of data
     1>Scene.cpp(450): warning C4244: 'argument' : conversion from 'GLdouble' to 'float', possible loss of data
         SceneNode.cpp
         Shader.cpp
     1>c:\solarsystem\src\librt\include\defs.h(220): warning C4305: 'initializing' : truncation from 'double' to 'float'
         Sphere.cpp
     1>c:\solarsystem\src\librt\include\defs.h(220): warning C4305: 'initializing' : truncation from 'double' to 'float'
         Surface.cpp
     1>c:\solarsystem\src\librt\include\defs.h(220): warning C4305: 'initializing' : truncation from 'double' to 'float'
         TransformNode.cpp
         Compiling...
         Triangle.cpp
     1>c:\solarsystem\src\librt\include\defs.h(220): warning C4305: 'initializing' : truncation from 'double' to 'float'
         utilities.cpp
     1>C:\SolarSystem\src\librt\include\defs.h(220): warning C4305: 'initializing' : truncation from 'double' to 'float'
     1>utilities.cpp(51): warning C4244: '=' : conversion from 'double' to 'float', possible loss of data
     1>utilities.cpp(154): warning C4244: 'argument' : conversion from 'double' to 'float', possible loss of data
     1>utilities.cpp(155): warning C4244: '=' : conversion from 'double' to 'float', possible loss of data
     1>utilities.cpp(161): warning C4244: 'argument' : conversion from 'double' to 'float', possible loss of data
     1>utilities.cpp(167): warning C4244: '=' : conversion from 'double' to 'float', possible loss of data
     1>utilities.cpp(168): warning C4244: '=' : conversion from 'double' to 'float', possible loss of data
     1>utilities.cpp(169): warning C4244: '=' : conversion from 'double' to 'float', possible loss of data
     1>utilities.cpp(172): warning C4244: '=' : conversion from 'double' to 'float', possible loss of data
     1>utilities.cpp(173): warning C4244: '=' : conversion from 'double' to 'float', possible loss of data
     1>utilities.cpp(174): warning C4244: '=' : conversion from 'double' to 'float', possible loss of data
     1>utilities.cpp(177): warning C4244: '=' : conversion from 'double' to 'float', possible loss of data
     1>utilities.cpp(178): warning C4244: '=' : conversion from 'double' to 'float', possible loss of data
     1>utilities.cpp(179): warning C4244: '=' : conversion from 'double' to 'float', possible loss of data
     1>utilities.cpp(216): warning C4244: 'argument' : conversion from 'double' to 'float', possible loss of data
       Lib:
         F:\VS13\VC\bin\Lib.exe /OUT:"C:\proj3_4OpenGL\src\librt\lib\Debug\librt.lib" /NOLOGO /LTCG Release\Camera.obj
         Release\CameraNode.obj
         Release\Moon.obj
         Release\Planet.obj
         Release\SolarSystem.obj
         Release\Texture.obj
         Release\GeometryNode.obj
         Release\Intersection.obj
         Release\Light.obj
         Release\LightNode.obj
         Release\LinearSolver.obj
         Release\Ray.obj
         Release\RayTracer.obj
         Release\RGBR_f.obj
         Release\Scene.obj
         Release\SceneNode.obj
         Release\Shader.obj
         Release\Sphere.obj
         Release\Surface.obj
         Release\TransformNode.obj
         Release\Triangle.obj
         Release\utilities.obj
         rtlib.vcxproj -> C:\proj3_4OpenGL\src\librt\lib\Debug\librt.lib
     1>Done Building Project "C:\SolarSystem\src\librt\rtlib.vcxproj" (Build target(s)).

Build succeeded.

Time Elapsed 00:00:07.88
