c:\solarsystem\src\libst\vc2008\release\vc120.pdb
c:\solarsystem\src\libst\vc2008\release\stvector4.obj
c:\solarsystem\src\libst\vc2008\release\stvector3.obj
c:\solarsystem\src\libst\vc2008\release\stvector2.obj
c:\solarsystem\src\libst\vc2008\release\sttrianglemesh.obj
c:\solarsystem\src\libst\vc2008\release\sttimer.obj
c:\solarsystem\src\libst\vc2008\release\sttexture.obj
c:\solarsystem\src\libst\vc2008\release\stshape.obj
c:\solarsystem\src\libst\vc2008\release\stshaderprogram.obj
c:\solarsystem\src\libst\vc2008\release\stpoint3.obj
c:\solarsystem\src\libst\vc2008\release\stpoint2.obj
c:\solarsystem\src\libst\vc2008\release\stjoystick_win32.obj
c:\solarsystem\src\libst\vc2008\release\stjoystick.obj
c:\solarsystem\src\libst\vc2008\release\stimage_ppm.obj
c:\solarsystem\src\libst\vc2008\release\stimage_png.obj
c:\solarsystem\src\libst\vc2008\release\stimage_jpeg.obj
c:\solarsystem\src\libst\vc2008\release\stimage.obj
c:\solarsystem\src\libst\vc2008\release\stfont.obj
c:\solarsystem\src\libst\vc2008\release\stcolor4ub.obj
c:\solarsystem\src\libst\vc2008\release\stcolor4f.obj
c:\solarsystem\src\libst\vc2008\release\stcolor3f.obj
c:\solarsystem\src\libst\vc2008\release\tiny_obj_loader.obj
c:\solarsystem\src\libst\lib\release\libst.lib
c:\solarsystem\src\libst\vc2008\release\libst.tlog\cl.command.1.tlog
c:\solarsystem\src\libst\vc2008\release\libst.tlog\cl.read.1.tlog
c:\solarsystem\src\libst\vc2008\release\libst.tlog\cl.write.1.tlog
c:\solarsystem\src\libst\vc2008\release\libst.tlog\lib-link.read.1.tlog
c:\solarsystem\src\libst\vc2008\release\libst.tlog\lib-link.write.1.tlog
c:\solarsystem\src\libst\vc2008\release\libst.tlog\lib.command.1.tlog
