Build started 4/6/2016 5:26:24 PM.
     1>Project "C:\SolarSystem\src\libst\vc2008\libst.vcxproj" on node 2 (Build target(s)).
     1>ClCompile:
         F:\VS13\VC\bin\CL.exe /c /I../include /I../ext/libpng/include /I../ext/libjpeg/include /I../ext/zlib/include/ /I../ext/freetype/include /I../ext/glew/include /Zi /nologo /W3 /WX- /O2 /Oy- /D WIN32 /D NDEBUG /D _LIB /D _CRT_SECURE_NO_WARNINGS /D _CRT_SECURE_NO_DEPRECATE /D _MBCS /Gm- /EHsc /MD /GS /fp:precise /Zc:wchar_t /Zc:forScope /Fo"Release\\" /Fd"Release\vc120.pdb" /Gd /TP /analyze- /errorReport:prompt ..\STColor3f.cpp ..\STColor4f.cpp ..\STColor4ub.cpp ..\STFont.cpp ..\STImage.cpp ..\STImage_jpeg.cpp ..\STImage_png.cpp ..\STImage_ppm.cpp ..\STJoystick.cpp ..\STJoystick_win32.cpp ..\STPoint2.cpp ..\STPoint3.cpp ..\STShaderProgram.cpp ..\STShape.cpp ..\STTexture.cpp ..\STTimer.cpp ..\STTriangleMesh.cpp ..\STVector2.cpp ..\STVector3.cpp ..\STVector4.cpp ..\tiny_obj_loader.cpp
         STColor3f.cpp
         STColor4f.cpp
         STColor4ub.cpp
         STFont.cpp
         STImage.cpp
         STImage_jpeg.cpp
         STImage_png.cpp
         STImage_ppm.cpp
         STJoystick.cpp
         STJoystick_win32.cpp
         STPoint2.cpp
         STPoint3.cpp
         STShaderProgram.cpp
         STShape.cpp
         STTexture.cpp
         STTimer.cpp
         STTriangleMesh.cpp
     1>..\STTriangleMesh.cpp(358): warning C4244: '=' : conversion from 'double' to 'float', possible loss of data
         STVector2.cpp
         STVector3.cpp
         STVector4.cpp
         Generating Code...
         Compiling...
         tiny_obj_loader.cpp
         Generating Code...
     1>C:\Program Files (x86)\MSBuild\Microsoft.Cpp\v4.0\V120\Microsoft.CppBuild.targets(1361,5): warning MSB8012: TargetPath(C:\SolarSystem\src\libst\vc2008\../lib\libst.lib) does not match the Library's OutputFile property value (C:\SolarSystem\src\libst\lib\Release\libst.lib). This may cause your project to build incorrectly. To correct this, please make sure that $(OutDir), $(TargetName) and $(TargetExt) property values match the value specified in %(Lib.OutputFile).
       Lib:
         F:\VS13\VC\bin\Lib.exe /OUT:"../lib\Release/libst.lib" /NOLOGO Release\STColor3f.obj
         Release\STColor4f.obj
         Release\STColor4ub.obj
         Release\STFont.obj
         Release\STImage.obj
         Release\STImage_jpeg.obj
         Release\STImage_png.obj
         Release\STImage_ppm.obj
         Release\STJoystick.obj
         Release\STJoystick_win32.obj
         Release\STPoint2.obj
         Release\STPoint3.obj
         Release\STShaderProgram.obj
         Release\STShape.obj
         Release\STTexture.obj
         Release\STTimer.obj
         Release\STTriangleMesh.obj
         Release\STVector2.obj
         Release\STVector3.obj
         Release\STVector4.obj
         Release\tiny_obj_loader.obj
     1>STVector4.obj : warning LNK4221: This object file does not define any previously undefined public symbols, so it will not be used by any link operation that consumes this library
         libst.vcxproj -> C:\SolarSystem\src\libst\vc2008\../lib\libst.lib
     1>Done Building Project "C:\SolarSystem\src\libst\vc2008\libst.vcxproj" (Build target(s)).

Build succeeded.

Time Elapsed 00:00:09.14
